This is XeTeX, Version 3.141592653-2.6-0.999997 (TeX Live 2025) (preloaded format=xelatex 2025.11.25)  24 MAR 2026 22:08
entering extended mode
 restricted \write18 enabled.
 file:line:error style messages enabled.
 %&-line parsing enabled.
**c:/Users/Acer/OneDrive/Documents/GitHub/proposal-ta/ProposalTA
(c:/Users/Acer/OneDrive/Documents/GitHub/proposal-ta/ProposalTA.tex
LaTeX2e <2025-11-01>
L3 programming layer <2025-11-14>
(c:/texlive/2025/texmf-dist/tex/latex/base/book.cls
Document Class: book 2025/01/22 v1.4n Standard LaTeX document class
(c:/texlive/2025/texmf-dist/tex/latex/base/bk12.clo
File: bk12.clo 2025/01/22 v1.4n Standard LaTeX file (size option)
)
\c@part=\count271
\c@chapter=\count272
\c@section=\count273
\c@subsection=\count274
\c@subsubsection=\count275
\c@paragraph=\count276
\c@subparagraph=\count277
\c@figure=\count278
\c@table=\count279
\abovecaptionskip=\skip49
\belowcaptionskip=\skip50
\bibindent=\dimen148
) (c:/texlive/2025/texmf-dist/tex/latex/base/inputenc.sty
Package: inputenc 2024/02/08 v1.3d Input encoding file
\inpenc@prehook=\toks17
\inpenc@posthook=\toks18


Package inputenc Warning: inputenc package ignored with utf8 based engines.

) (c:/texlive/2025/texmf-dist/tex/latex/fontspec/fontspec.sty (c:/texlive/2025/texmf-dist/tex/latex/l3packages/xparse/xparse.sty (c:/texlive/2025/texmf-dist/tex/latex/l3kernel/expl3.sty
Package: expl3 2025-11-14 L3 programming layer (loader) 
 (c:/texlive/2025/texmf-dist/tex/latex/l3backend/l3backend-xetex.def
File: l3backend-xetex.def 2025-10-09 L3 backend support: XeTeX
\g__graphics_track_int=\count280
\g__pdfannot_backend_int=\count281
\g__pdfannot_backend_link_int=\count282
))
Package: xparse 2025-10-09 L3 Experimental document command parser
)
Package: fontspec 2025/09/29 v2.9g Font selection for XeLaTeX and LuaLaTeX
 (c:/texlive/2025/texmf-dist/tex/latex/fontspec/fontspec-xetex.sty
Package: fontspec-xetex 2025/09/29 v2.9g Font selection for XeLaTeX and LuaLaTeX
\l__fontspec_script_int=\count283
\l__fontspec_language_int=\count284
\l__fontspec_strnum_int=\count285
\l__fontspec_tmp_int=\count286
\l__fontspec_tmpa_int=\count287
\l__fontspec_tmpb_int=\count288
\l__fontspec_tmpc_int=\count289
\l__fontspec_em_int=\count290
\l__fontspec_emdef_int=\count291
\l__fontspec_strong_int=\count292
\l__fontspec_strongdef_int=\count293
\l__fontspec_tmpa_dim=\dimen149
\l__fontspec_tmpb_dim=\dimen150
\l__fontspec_tmpc_dim=\dimen151
 (c:/texlive/2025/texmf-dist/tex/latex/base/fontenc.sty
Package: fontenc 2025/07/18 v2.1d Standard LaTeX package
) (c:/texlive/2025/texmf-dist/tex/latex/fontspec/fontspec.cfg)))

Package fontspec Info: 
(fontspec)             Font family 'TimesNewRoman(0)' created for font 'Times
(fontspec)             New Roman' with options [Ligatures=TeX].
(fontspec)              
(fontspec)              This font family consists of the following NFSS
(fontspec)             series/shapes:
(fontspec)              
(fontspec)             - 'normal' (m/n) with NFSS spec.: <->"Times New
(fontspec)             Roman/OT:script=latn;language=dflt;mapping=tex-text;"
(fontspec)             - 'small caps'  (m/sc) with NFSS spec.: <->"Times New
(fontspec)             Roman/OT:script=latn;language=dflt;+smcp;mapping=tex-text;"
(fontspec)             - 'bold' (b/n) with NFSS spec.: <->"Times New
(fontspec)             Roman/B/OT:script=latn;language=dflt;mapping=tex-text;"
(fontspec)             - 'bold small caps'  (b/sc) with NFSS spec.: <->"Times
(fontspec)             New
(fontspec)             Roman/B/OT:script=latn;language=dflt;+smcp;mapping=tex-text;"
(fontspec)             - 'italic' (m/it) with NFSS spec.: <->"Times New
(fontspec)             Roman/I/OT:script=latn;language=dflt;mapping=tex-text;"
(fontspec)             - 'italic small caps'  (m/scit) with NFSS spec.:
(fontspec)             <->"Times New
(fontspec)             Roman/I/OT:script=latn;language=dflt;+smcp;mapping=tex-text;"
(fontspec)             - 'bold italic' (b/it) with NFSS spec.: <->"Times New
(fontspec)             Roman/BI/OT:script=latn;language=dflt;mapping=tex-text;"
(fontspec)             - 'bold italic small caps'  (b/scit) with NFSS spec.:
(fontspec)             <->"Times New
(fontspec)             Roman/BI/OT:script=latn;language=dflt;+smcp;mapping=tex-text;"

 (c:/texlive/2025/texmf-dist/tex/latex/geometry/geometry.sty
Package: geometry 2020/01/02 v5.9 Page Geometry
 (c:/texlive/2025/texmf-dist/tex/latex/graphics/keyval.sty
Package: keyval 2022/05/29 v1.15 key=value parser (DPC)
\KV@toks@=\toks19
) (c:/texlive/2025/texmf-dist/tex/generic/iftex/ifvtex.sty
Package: ifvtex 2019/10/25 v1.7 ifvtex legacy package. Use iftex instead.
 (c:/texlive/2025/texmf-dist/tex/generic/iftex/iftex.sty
Package: iftex 2024/12/12 v1.0g TeX engine tests
))
\Gm@cnth=\count294
\Gm@cntv=\count295
\c@Gm@tempcnt=\count296
\Gm@bindingoffset=\dimen152
\Gm@wd@mp=\dimen153
\Gm@odd@mp=\dimen154
\Gm@even@mp=\dimen155
\Gm@layoutwidth=\dimen156
\Gm@layoutheight=\dimen157
\Gm@layouthoffset=\dimen158
\Gm@layoutvoffset=\dimen159
\Gm@dimlist=\toks20
) (c:/texlive/2025/texmf-dist/tex/generic/babel/babel.sty
Package: babel 2025/11/23 v25.16 The multilingual framework for LuaLaTeX, pdfLaTeX and XeLaTeX
\babel@savecnt=\count297
LaTeX Encoding Info:    Redeclaring text command \ij (encoding OT1) on input line 2050.
LaTeX Encoding Info:    Redeclaring text command \IJ (encoding OT1) on input line 2052.
LaTeX Encoding Info:    Redeclaring text command \ij (encoding T1) on input line 2054.
LaTeX Encoding Info:    Redeclaring text command \IJ (encoding T1) on input line 2055.
LaTeX Encoding Info:    Ignoring declaration for text command \ij (encoding ?) on input line 2056.
LaTeX Encoding Info:    Ignoring declaration for text command \IJ (encoding ?) on input line 2058.
LaTeX Encoding Info:    Ignoring declaration for text command \SS (encoding ?) on input line 2083.
\U@D=\dimen160
\l@unhyphenated=\language90
 (c:/texlive/2025/texmf-dist/tex/generic/babel/xebabel.def)
\bbl@readstream=\read2
\bbl@dirlevel=\count298
 (c:/texlive/2025/texmf-dist/tex/generic/babel/locale/id/babel-indonesian.tex)
Package babel Info: Importing font and identification data for indonesian
(babel)             from babel-id.ini. Reported on input line 4298.
 (c:/texlive/2025/texmf-dist/tex/generic/babel-indonesian/indonesian.ldf
Language: indonesian 2025/06/01 v1.0n Bahasa Indonesia support from the babel system
)) (c:/texlive/2025/texmf-dist/tex/latex/csquotes/csquotes.sty
Package: csquotes 2024-04-04 v5.2o context-sensitive quotations (JAW)
 (c:/texlive/2025/texmf-dist/tex/latex/etoolbox/etoolbox.sty
Package: etoolbox 2025/10/02 v2.5m e-TeX tools for LaTeX (JAW)
\etb@tempcnta=\count299
)
\csq@reset=\count300
\csq@gtype=\count301
\csq@glevel=\count302
\csq@qlevel=\count303
\csq@maxlvl=\count304
\csq@tshold=\count305
\csq@ltx@everypar=\toks21
 (c:/texlive/2025/texmf-dist/tex/latex/csquotes/csquotes.def
File: csquotes.def 2024-04-04 v5.2o csquotes generic definitions (JAW)
)
Package csquotes Info: Trying to load configuration file 'csquotes.cfg'...
Package csquotes Info: ... configuration file loaded successfully.
 (c:/texlive/2025/texmf-dist/tex/latex/csquotes/csquotes.cfg
File: csquotes.cfg 
)) (c:/texlive/2025/texmf-dist/tex/latex/setspace/setspace.sty
Package: setspace 2022/12/04 v6.7b set line spacing
) (c:/texlive/2025/texmf-dist/tex/latex/graphics/graphicx.sty
Package: graphicx 2024/12/31 v1.2e Enhanced LaTeX Graphics (DPC,SPQR)
 (c:/texlive/2025/texmf-dist/tex/latex/graphics/graphics.sty
Package: graphics 2024/08/06 v1.4g Standard LaTeX Graphics (DPC,SPQR)
 (c:/texlive/2025/texmf-dist/tex/latex/graphics/trig.sty
Package: trig 2023/12/02 v1.11 sin cos tan (DPC)
) (c:/texlive/2025/texmf-dist/tex/latex/graphics-cfg/graphics.cfg
File: graphics.cfg 2016/06/04 v1.11 sample graphics configuration
)
Package graphics Info: Driver file: xetex.def on input line 106.
 (c:/texlive/2025/texmf-dist/tex/latex/graphics-def/xetex.def
File: xetex.def 2025/11/01 v5.0p Graphics/color driver for xetex
))
\Gin@req@height=\dimen161
\Gin@req@width=\dimen162
) (c:/texlive/2025/texmf-dist/tex/latex/caption/caption.sty
Package: caption 2023/08/05 v3.6o Customizing captions (AR)
 (c:/texlive/2025/texmf-dist/tex/latex/caption/caption3.sty
Package: caption3 2023/07/31 v2.4d caption3 kernel (AR)
\caption@tempdima=\dimen163
\captionmargin=\dimen164
\caption@leftmargin=\dimen165
\caption@rightmargin=\dimen166
\caption@width=\dimen167
\caption@indent=\dimen168
\caption@parindent=\dimen169
\caption@hangindent=\dimen170
Package caption Info: Standard document class detected.
)
\c@caption@flags=\count306
\c@continuedfloat=\count307
) (c:/texlive/2025/texmf-dist/tex/latex/caption/subcaption.sty
Package: subcaption 2023/07/28 v1.6b Sub-captions (AR)
Package caption Info: New subtype `subfigure' on input line 238.
\c@subfigure=\count308
Package caption Info: New subtype `subtable' on input line 238.
\c@subtable=\count309
) (c:/texlive/2025/texmf-dist/tex/latex/hyperref/hyperref.sty
Package: hyperref 2025-07-12 v7.01o Hypertext links for LaTeX
 (c:/texlive/2025/texmf-dist/tex/latex/kvsetkeys/kvsetkeys.sty
Package: kvsetkeys 2022-10-05 v1.19 Key value parser (HO)
) (c:/texlive/2025/texmf-dist/tex/generic/kvdefinekeys/kvdefinekeys.sty
Package: kvdefinekeys 2019-12-19 v1.6 Define keys (HO)
) (c:/texlive/2025/texmf-dist/tex/generic/pdfescape/pdfescape.sty
Package: pdfescape 2019/12/09 v1.15 Implements pdfTeX's escape features (HO)
 (c:/texlive/2025/texmf-dist/tex/generic/ltxcmds/ltxcmds.sty
Package: ltxcmds 2023-12-04 v1.26 LaTeX kernel commands for general use (HO)
) (c:/texlive/2025/texmf-dist/tex/generic/pdftexcmds/pdftexcmds.sty
Package: pdftexcmds 2020-06-27 v0.33 Utility functions of pdfTeX for LuaTeX (HO)
 (c:/texlive/2025/texmf-dist/tex/generic/infwarerr/infwarerr.sty
Package: infwarerr 2019/12/03 v1.5 Providing info/warning/error messages (HO)
)
Package pdftexcmds Info: \pdf@primitive is available.
Package pdftexcmds Info: \pdf@ifprimitive is available.
Package pdftexcmds Info: \pdfdraftmode not found.
)) (c:/texlive/2025/texmf-dist/tex/latex/hycolor/hycolor.sty
Package: hycolor 2020-01-27 v1.10 Color options for hyperref/bookmark (HO)
) (c:/texlive/2025/texmf-dist/tex/latex/hyperref/nameref.sty
Package: nameref 2025-06-21 v2.57 Cross-referencing by name of section
 (c:/texlive/2025/texmf-dist/tex/latex/refcount/refcount.sty
Package: refcount 2019/12/15 v3.6 Data extraction from label references (HO)
) (c:/texlive/2025/texmf-dist/tex/generic/gettitlestring/gettitlestring.sty
Package: gettitlestring 2019/12/15 v1.6 Cleanup title references (HO)
 (c:/texlive/2025/texmf-dist/tex/latex/kvoptions/kvoptions.sty
Package: kvoptions 2022-06-15 v3.15 Key value format for package options (HO)
))
\c@section@level=\count310
) (c:/texlive/2025/texmf-dist/tex/generic/stringenc/stringenc.sty
Package: stringenc 2019/11/29 v1.12 Convert strings between diff. encodings (HO)
)
\@linkdim=\dimen171
\Hy@linkcounter=\count311
\Hy@pagecounter=\count312
 (c:/texlive/2025/texmf-dist/tex/latex/hyperref/pd1enc.def
File: pd1enc.def 2025-07-12 v7.01o Hyperref: PDFDocEncoding definition (HO)
) (c:/texlive/2025/texmf-dist/tex/generic/intcalc/intcalc.sty
Package: intcalc 2019/12/15 v1.3 Expandable calculations with integers (HO)
)
\Hy@SavedSpaceFactor=\count313
 (c:/texlive/2025/texmf-dist/tex/latex/hyperref/puenc.def
File: puenc.def 2025-07-12 v7.01o Hyperref: PDF Unicode definition (HO)
)
Package hyperref Info: Hyper figures OFF on input line 4195.
Package hyperref Info: Link nesting OFF on input line 4200.
Package hyperref Info: Hyper index ON on input line 4203.
Package hyperref Info: Plain pages OFF on input line 4210.
Package hyperref Info: Backreferencing OFF on input line 4215.
Package hyperref Info: Implicit mode ON; LaTeX internals redefined.
Package hyperref Info: Bookmarks ON on input line 4462.
\c@Hy@tempcnt=\count314
 (c:/texlive/2025/texmf-dist/tex/latex/url/url.sty
\Urlmuskip=\muskip17
Package: url 2013/09/16  ver 3.4  Verb mode for urls, etc.
)
LaTeX Info: Redefining \url on input line 4801.
\XeTeXLinkMargin=\dimen172
 (c:/texlive/2025/texmf-dist/tex/generic/bitset/bitset.sty
Package: bitset 2019/12/09 v1.3 Handle bit-vector datatype (HO)
 (c:/texlive/2025/texmf-dist/tex/generic/bigintcalc/bigintcalc.sty
Package: bigintcalc 2019/12/15 v1.5 Expandable calculations on big integers (HO)
))
\Fld@menulength=\count315
\Field@Width=\dimen173
\Fld@charsize=\dimen174
Package hyperref Info: Hyper figures OFF on input line 6078.
Package hyperref Info: Link nesting OFF on input line 6083.
Package hyperref Info: Hyper index ON on input line 6086.
Package hyperref Info: backreferencing OFF on input line 6093.
Package hyperref Info: Link coloring OFF on input line 6098.
Package hyperref Info: Link coloring with OCG OFF on input line 6103.
Package hyperref Info: PDF/A mode OFF on input line 6108.
\Hy@abspage=\count316
\c@Item=\count317
\c@Hfootnote=\count318
)
Package hyperref Info: Driver (autodetected): hxetex.
 (c:/texlive/2025/texmf-dist/tex/latex/hyperref/hxetex.def
File: hxetex.def 2025-07-12 v7.01o Hyperref driver for XeTeX
\pdfm@box=\box53
\c@Hy@AnnotLevel=\count319
\HyField@AnnotCount=\count320
\Fld@listcount=\count321
\c@bookmark@seq@number=\count322
 (c:/texlive/2025/texmf-dist/tex/latex/rerunfilecheck/rerunfilecheck.sty
Package: rerunfilecheck 2025-06-21 v1.11 Rerun checks for auxiliary files (HO)
 (c:/texlive/2025/texmf-dist/tex/generic/uniquecounter/uniquecounter.sty
Package: uniquecounter 2019/12/15 v1.4 Provide unlimited unique counter (HO)
)
Package uniquecounter Info: New unique counter `rerunfilecheck' on input line 284.
)
\Hy@SectionHShift=\skip51
) (c:/texlive/2025/texmf-dist/tex/latex/titlesec/titlesec.sty
Package: titlesec 2025/01/04 v2.17 Sectioning titles
\ttl@box=\box54
\beforetitleunit=\skip52
\aftertitleunit=\skip53
\ttl@plus=\dimen175
\ttl@minus=\dimen176
\ttl@toksa=\toks22
\titlewidth=\dimen177
\titlewidthlast=\dimen178
\titlewidthfirst=\dimen179
) (c:/texlive/2025/texmf-dist/tex/latex/tocloft/tocloft.sty
Package: tocloft 2017/08/31 v2.3i parameterised ToC, etc., typesetting
Package tocloft Info: The document has chapter divisions on input line 51.
\cftparskip=\skip54
\cftbeforetoctitleskip=\skip55
\cftaftertoctitleskip=\skip56
\cftbeforepartskip=\skip57
\cftpartnumwidth=\skip58
\cftpartindent=\skip59
\cftbeforechapskip=\skip60
\cftchapindent=\skip61
\cftchapnumwidth=\skip62
\cftbeforesecskip=\skip63
\cftsecindent=\skip64
\cftsecnumwidth=\skip65
\cftbeforesubsecskip=\skip66
\cftsubsecindent=\skip67
\cftsubsecnumwidth=\skip68
\cftbeforesubsubsecskip=\skip69
\cftsubsubsecindent=\skip70
\cftsubsubsecnumwidth=\skip71
\cftbeforeparaskip=\skip72
\cftparaindent=\skip73
\cftparanumwidth=\skip74
\cftbeforesubparaskip=\skip75
\cftsubparaindent=\skip76
\cftsubparanumwidth=\skip77
\cftbeforeloftitleskip=\skip78
\cftafterloftitleskip=\skip79
\cftbeforefigskip=\skip80
\cftfigindent=\skip81
\cftfignumwidth=\skip82
\c@lofdepth=\count323
\c@lotdepth=\count324
\cftbeforelottitleskip=\skip83
\cftafterlottitleskip=\skip84
\cftbeforetabskip=\skip85
\cfttabindent=\skip86
\cfttabnumwidth=\skip87
) (c:/texlive/2025/texmf-dist/tex/latex/lipsum/lipsum.sty (c:/texlive/2025/texmf-dist/tex/latex/l3packages/l3keys2e/l3keys2e.sty
Package: l3keys2e 2025-10-09 LaTeX2e option processing using LaTeX3 keys
)
Package: lipsum 2021-09-20 v2.7 150 paragraphs of Lorem Ipsum dummy text
\g__lipsum_par_int=\count325
\l__lipsum_a_int=\count326
\l__lipsum_b_int=\count327
 (c:/texlive/2025/texmf-dist/tex/latex/lipsum/lipsum.ltd.tex)) (c:/texlive/2025/texmf-dist/tex/latex/floatrow/floatrow.sty
Package: floatrow 2008/08/02 v0.3b floatrow: float package extension
\c@float@type=\count328
\float@exts=\toks23
\float@box=\box55
\@floatcapt=\box56
Package floatrow Info: Modified float package code loaded on input line 455.
Package floatrow Info: Modified rotfloat package code loaded on input line 473.
\FR@everyfloat=\toks24
\flrow@foot=\insert252
\FB@wd=\dimen180
\FBo@wd=\dimen181
\FBc@wd=\dimen182
\FBo@ht=\skip88
\FBc@ht=\skip89
\FBf@ht=\skip90
\FBo@max=\skip91
\FBc@max=\skip92
\FBf@max=\skip93
\c@FBl@b=\count329
\floatbox@depth=\count330
\c@FRobj=\count331
\c@FRsobj=\count332
\Xhsize=\skip94
\sXhsize=\skip95
\Zhsize=\skip96
\sZhsize=\skip97
\flrow@rowbox=\box57
\FR@Zunitlength=\dimen183
\c@FBcnt=\count333
\FPOScnt=\count334
\LTleft=\skip98
\LTright=\skip99
\LTleft=\skip100
\LTright=\skip101
\flrow@types=\toks25
) (c:/texlive/2025/texmf-dist/tex/latex/listings/listings.sty
\lst@mode=\count335
\lst@gtempboxa=\box58
\lst@token=\toks26
\lst@length=\count336
\lst@currlwidth=\dimen184
\lst@column=\count337
\lst@pos=\count338
\lst@lostspace=\dimen185
\lst@width=\dimen186
\lst@newlines=\count339
\lst@lineno=\count340
\lst@maxwidth=\dimen187
 (c:/texlive/2025/texmf-dist/tex/latex/listings/lstpatch.sty
File: lstpatch.sty 2025/11/14 1.11b (Carsten Heinz)
) (c:/texlive/2025/texmf-dist/tex/latex/listings/lstmisc.sty
File: lstmisc.sty 2025/11/14 1.11b (Carsten Heinz)
\c@lstnumber=\count341
\lst@skipnumbers=\count342
\lst@framebox=\box59
) (c:/texlive/2025/texmf-dist/tex/latex/listings/listings.cfg
File: listings.cfg 2025/11/14 1.11b listings configuration
))
Package: listings 2025/11/14 1.11b (Carsten Heinz)

==> First Aid for listings.sty no longer applied!
    Expected:
        2024/09/23 1.10c (Carsten Heinz)
    but found:
        2025/11/14 1.11b (Carsten Heinz)
    so I'm assuming it got fixed.
(c:/texlive/2025/texmf-dist/tex/latex/amsmath/amsmath.sty
Package: amsmath 2025/07/09 v2.17z AMS math features
\@mathmargin=\skip102

For additional information on amsmath, use the `?' option.
(c:/texlive/2025/texmf-dist/tex/latex/amsmath/amstext.sty
Package: amstext 2024/11/17 v2.01 AMS text
 (c:/texlive/2025/texmf-dist/tex/latex/amsmath/amsgen.sty
File: amsgen.sty 1999/11/30 v2.0 generic functions
\@emptytoks=\toks27
\ex@=\dimen188
)) (c:/texlive/2025/texmf-dist/tex/latex/amsmath/amsbsy.sty
Package: amsbsy 1999/11/29 v1.2d Bold Symbols
\pmbraise@=\dimen189
) (c:/texlive/2025/texmf-dist/tex/latex/amsmath/amsopn.sty
Package: amsopn 2022/04/08 v2.04 operator names
)
\inf@bad=\count343
LaTeX Info: Redefining \frac on input line 233.
\uproot@=\count344
\leftroot@=\count345
LaTeX Info: Redefining \overline on input line 398.
LaTeX Info: Redefining \colon on input line 409.
\classnum@=\count346
\DOTSCASE@=\count347
LaTeX Info: Redefining \ldots on input line 495.
LaTeX Info: Redefining \dots on input line 498.
LaTeX Info: Redefining \cdots on input line 619.
\Mathstrutbox@=\box60
\strutbox@=\box61
LaTeX Info: Redefining \big on input line 721.
LaTeX Info: Redefining \Big on input line 722.
LaTeX Info: Redefining \bigg on input line 723.
LaTeX Info: Redefining \Bigg on input line 724.
\big@size=\dimen190
LaTeX Font Info:    Redeclaring font encoding OML on input line 742.
LaTeX Font Info:    Redeclaring font encoding OMS on input line 743.
\macc@depth=\count348
LaTeX Info: Redefining \bmod on input line 904.
LaTeX Info: Redefining \pmod on input line 909.
LaTeX Info: Redefining \smash on input line 939.
LaTeX Info: Redefining \relbar on input line 969.
LaTeX Info: Redefining \Relbar on input line 970.
\c@MaxMatrixCols=\count349
\dotsspace@=\muskip18
\c@parentequation=\count350
\dspbrk@lvl=\count351
\tag@help=\toks28
\row@=\count352
\column@=\count353
\maxfields@=\count354
\andhelp@=\toks29
\eqnshift@=\dimen191
\alignsep@=\dimen192
\tagshift@=\dimen193
\tagwidth@=\dimen194
\totwidth@=\dimen195
\lineht@=\dimen196
\@envbody=\toks30
\multlinegap=\skip103
\multlinetaggap=\skip104
\mathdisplay@stack=\toks31
LaTeX Info: Redefining \[ on input line 2950.
LaTeX Info: Redefining \] on input line 2951.
) (c:/texlive/2025/texmf-dist/tex/latex/amsfonts/amssymb.sty
Package: amssymb 2013/01/14 v3.01 AMS font symbols
 (c:/texlive/2025/texmf-dist/tex/latex/amsfonts/amsfonts.sty
Package: amsfonts 2013/01/14 v3.01 Basic AMSFonts support
\symAMSa=\mathgroup4
\symAMSb=\mathgroup5
LaTeX Font Info:    Redeclaring math symbol \hbar on input line 98.
LaTeX Font Info:    Overwriting math alphabet `\mathfrak' in version `bold'
(Font)                  U/euf/m/n --> U/euf/b/n on input line 106.
)) (c:/texlive/2025/texmf-dist/tex/latex/enumitem/enumitem.sty
Package: enumitem 2025/02/06 v3.11 Customized lists
\labelindent=\skip105
\enit@outerparindent=\dimen197
\enit@toks=\toks32
\enit@inbox=\box62
\enit@count@id=\count355
\enitdp@description=\count356
) (c:/texlive/2025/texmf-dist/tex/latex/parskip/parskip.sty
Package: parskip 2021-03-14 v2.0h non-zero parskip adjustments
) (c:/texlive/2025/texmf-dist/tex/latex/tools/longtable.sty
Package: longtable 2025-10-13 v4.24 Multi-page Table package (DPC)
\LTleft=\skip106
\LTright=\skip107
\LTpre=\skip108
\LTpost=\skip109
\LTchunksize=\count357
\LTcapwidth=\dimen198
\LT@head=\box63
\LT@firsthead=\box64
\LT@foot=\box65
\LT@lastfoot=\box66
\LT@gbox=\box67
\LT@cols=\count358
\LT@rows=\count359
\c@LT@tables=\count360
\c@LT@chunks=\count361
\LT@p@ftn=\toks33
) (c:/texlive/2025/texmf-dist/tex/latex/booktabs/booktabs.sty
Package: booktabs 2020/01/12 v1.61803398 Publication quality tables
\heavyrulewidth=\dimen199
\lightrulewidth=\dimen256
\cmidrulewidth=\dimen257
\belowrulesep=\dimen258
\belowbottomsep=\dimen259
\aboverulesep=\dimen260
\abovetopsep=\dimen261
\cmidrulesep=\dimen262
\cmidrulekern=\dimen263
\defaultaddspace=\dimen264
\@cmidla=\count362
\@cmidlb=\count363
\@aboverulesep=\dimen265
\@belowrulesep=\dimen266
\@thisruleclass=\count364
\@lastruleclass=\count365
\@thisrulewidth=\dimen267
) (c:/texlive/2025/texmf-dist/tex/latex/needspace/needspace.sty
Package: needspace 2025/03/13 v1.3e reserve vertical space
) (c:/texlive/2025/texmf-dist/tex/latex/tools/array.sty
Package: array 2025/09/25 v2.6n Tabular extension package (FMi)
\col@sep=\dimen268
\ar@mcellbox=\box68
\extrarowheight=\dimen269
\NC@list=\toks34
\extratabsurround=\skip110
\backup@length=\skip111
\ar@cellbox=\box69
) (c:/texlive/2025/texmf-dist/tex/latex/tools/calc.sty
Package: calc 2025/03/01 v4.3b Infix arithmetic (KKT,FJ)
\calc@Acount=\count366
\calc@Bcount=\count367
\calc@Adimen=\dimen270
\calc@Bdimen=\dimen271
\calc@Askip=\skip112
\calc@Bskip=\skip113
LaTeX Info: Redefining \setlength on input line 86.
LaTeX Info: Redefining \addtolength on input line 87.
\calc@Ccount=\count368
\calc@Cskip=\skip114
) (c:/texlive/2025/texmf-dist/tex/latex/ltablex/ltablex.sty
Package: ltablex 2014/08/13 v1.1 Modified tabularx
 (c:/texlive/2025/texmf-dist/tex/latex/tools/tabularx.sty
Package: tabularx 2023/12/11 v2.12a `tabularx' package (DPC)
\TX@col@width=\dimen272
\TX@old@table=\dimen273
\TX@old@col=\dimen274
\TX@target=\dimen275
\TX@delta=\dimen276
\TX@cols=\count369
\TX@ftn=\toks35
)) (c:/texlive/2025/texmf-dist/tex/latex/xcolor/xcolor.sty
Package: xcolor 2024/09/29 v3.02 LaTeX color extensions (UK)
 (c:/texlive/2025/texmf-dist/tex/latex/graphics-cfg/color.cfg
File: color.cfg 2016/01/02 v1.6 sample color configuration
)
Package xcolor Info: Driver file: xetex.def on input line 274.
 (c:/texlive/2025/texmf-dist/tex/latex/graphics/mathcolor.ltx)
Package xcolor Info: Model `cmy' substituted by `cmy0' on input line 1349.
Package xcolor Info: Model `RGB' extended on input line 1365.
Package xcolor Info: Model `HTML' substituted by `rgb' on input line 1367.
Package xcolor Info: Model `Hsb' substituted by `hsb' on input line 1368.
Package xcolor Info: Model `tHsb' substituted by `hsb' on input line 1369.
Package xcolor Info: Model `HSB' substituted by `hsb' on input line 1370.
Package xcolor Info: Model `Gray' substituted by `gray' on input line 1371.
Package xcolor Info: Model `wave' substituted by `hsb' on input line 1372.
) (c:/texlive/2025/texmf-dist/tex/latex/colortbl/colortbl.sty
Package: colortbl 2024/10/29 v1.0k Color table columns (DPC)
\everycr=\toks36
\minrowclearance=\skip115
\rownum=\count370
) (c:/texlive/2025/texmf-dist/tex/latex/datetime2/datetime2.sty
Package: datetime2 2021/03/21 v1.5.7 (NLCT) date and time formats
 (c:/texlive/2025/texmf-dist/tex/latex/tracklang/tracklang.sty
Package: tracklang 2025/03/11 v1.6.6 (NLCT) Track Languages
 (c:/texlive/2025/texmf-dist/tex/generic/tracklang/tracklang.tex)
Package tracklang Info: Tracking dialect `indonesian' (language `bahasai') on input line 264.
Package tracklang Info: Tracking dialect `indonesian' (language `bahasai') on input line 264.
) (c:/texlive/2025/texmf-dist/tex/latex/xkeyval/xkeyval.sty
Package: xkeyval 2025/11/04 v2.10 package option processing (HA)
 (c:/texlive/2025/texmf-dist/tex/generic/xkeyval/xkeyval.tex (c:/texlive/2025/texmf-dist/tex/generic/xkeyval/xkvutils.tex
\XKV@toks=\toks37
\XKV@tempa@toks=\toks38
\XKV@tempb@toks=\toks39
)
\XKV@depth=\count371
File: xkeyval.tex 2014/12/03 v2.7a key=value parser (HA)
))
Package tracklang Info: Tracking dialect `bahasai' (language `bahasai') on input line 217.
 (c:/texlive/2025/texmf-dist/tex/latex/datetime2-bahasai/datetime2-bahasai.ldf
File: datetime2-bahasai.ldf 2018/01/10 v1.01
)) (c:/texlive/2025/texmf-dist/tex/latex/biblatex-chicago/biblatex-chicago.sty
Package: biblatex-chicago 2022/07/02 v 3.18 biblatex style
 (c:/texlive/2025/texmf-dist/tex/generic/xstring/xstring.sty (c:/texlive/2025/texmf-dist/tex/generic/xstring/xstring.tex
\xs_counta=\count372
\xs_countb=\count373
)
Package: xstring 2023/08/22 v1.86 String manipulations (CT)
) (c:/texlive/2025/texmf-dist/tex/latex/biblatex/biblatex.sty
Package: biblatex 2025/07/10 v3.21 programmable bibliographies (PK/MW)
 (c:/texlive/2025/texmf-dist/tex/latex/logreq/logreq.sty
Package: logreq 2010/08/04 v1.0 xml request logger
\lrq@indent=\count374
 (c:/texlive/2025/texmf-dist/tex/latex/logreq/logreq.def
File: logreq.def 2010/08/04 v1.0 logreq spec v1.0
)) (c:/texlive/2025/texmf-dist/tex/latex/base/ifthen.sty
Package: ifthen 2024/03/16 v1.1e Standard LaTeX ifthen package (DPC)
)
\c@tabx@nest=\count375
\c@listtotal=\count376
\c@listcount=\count377
\c@liststart=\count378
\c@liststop=\count379
\c@citecount=\count380
\c@citetotal=\count381
\c@multicitecount=\count382
\c@multicitetotal=\count383
\c@instcount=\count384
\c@maxnames=\count385
\c@minnames=\count386
\c@maxitems=\count387
\c@minitems=\count388
\c@citecounter=\count389
\c@maxcitecounter=\count390
\c@savedcitecounter=\count391
\c@uniquelist=\count392
\c@uniquename=\count393
\c@refsection=\count394
\c@refsegment=\count395
\c@maxextratitle=\count396
\c@maxextratitleyear=\count397
\c@maxextraname=\count398
\c@maxextradate=\count399
\c@maxextraalpha=\count400
\c@abbrvpenalty=\count401
\c@highnamepenalty=\count402
\c@lownamepenalty=\count403
\c@maxparens=\count404
\c@parenlevel=\count405
\blx@tempcnta=\count406
\blx@tempcntb=\count407
\blx@tempcntc=\count408
\c@blx@maxsection=\count409
\blx@maxsegment@0=\count410
\blx@notetype=\count411
\blx@parenlevel@text=\count412
\blx@parenlevel@foot=\count413
\blx@sectionciteorder@0=\count414
\blx@sectionciteorderinternal@0=\count415
\blx@entrysetcounter=\count416
\blx@biblioinstance=\count417
\labelnumberwidth=\skip116
\labelalphawidth=\skip117
\biblabelsep=\skip118
\bibitemsep=\skip119
\bibnamesep=\skip120
\bibinitsep=\skip121
\bibparsep=\skip122
\bibhang=\skip123
\blx@bcfin=\read3
\blx@bcfout=\write3
\blx@langwohyphens=\language91
\c@mincomprange=\count418
\c@maxcomprange=\count419
\c@mincompwidth=\count420
Package biblatex Info: Trying to load biblatex default data model...
Package biblatex Info: ... file 'blx-dm.def' found.
 (c:/texlive/2025/texmf-dist/tex/latex/biblatex/blx-dm.def
File: blx-dm.def 2025/07/10 v3.21 biblatex datamodel (PK/MW)
)
Package biblatex Info: Trying to load biblatex style data model...
Package biblatex Info: ... file 'chicago-authordate.dbx' not found.
Package biblatex Info: Trying to load biblatex custom data model...
Package biblatex Info: ... file 'biblatex-dm.cfg' not found.
\c@afterword=\count421
\c@savedafterword=\count422
\c@annotator=\count423
\c@savedannotator=\count424
\c@author=\count425
\c@savedauthor=\count426
\c@bookauthor=\count427
\c@savedbookauthor=\count428
\c@commentator=\count429
\c@savedcommentator=\count430
\c@editor=\count431
\c@savededitor=\count432
\c@editora=\count433
\c@savededitora=\count434
\c@editorb=\count435
\c@savededitorb=\count436
\c@editorc=\count437
\c@savededitorc=\count438
\c@foreword=\count439
\c@savedforeword=\count440
\c@holder=\count441
\c@savedholder=\count442
\c@introduction=\count443
\c@savedintroduction=\count444
\c@namea=\count445
\c@savednamea=\count446
\c@nameb=\count447
\c@savednameb=\count448
\c@namec=\count449
\c@savednamec=\count450
\c@translator=\count451
\c@savedtranslator=\count452
\c@shortauthor=\count453
\c@savedshortauthor=\count454
\c@shorteditor=\count455
\c@savedshorteditor=\count456
\c@labelname=\count457
\c@savedlabelname=\count458
\c@institution=\count459
\c@savedinstitution=\count460
\c@lista=\count461
\c@savedlista=\count462
\c@listb=\count463
\c@savedlistb=\count464
\c@listc=\count465
\c@savedlistc=\count466
\c@listd=\count467
\c@savedlistd=\count468
\c@liste=\count469
\c@savedliste=\count470
\c@listf=\count471
\c@savedlistf=\count472
\c@location=\count473
\c@savedlocation=\count474
\c@organization=\count475
\c@savedorganization=\count476
\c@origlocation=\count477
\c@savedoriglocation=\count478
\c@origpublisher=\count479
\c@savedorigpublisher=\count480
\c@publisher=\count481
\c@savedpublisher=\count482
\c@language=\count483
\c@savedlanguage=\count484
\c@origlanguage=\count485
\c@savedoriglanguage=\count486
\c@pageref=\count487
\c@savedpageref=\count488
\shorthandwidth=\skip124
\shortjournalwidth=\skip125
\shortserieswidth=\skip126
\shorttitlewidth=\skip127
\shortauthorwidth=\skip128
\shorteditorwidth=\skip129
\locallabelnumberwidth=\skip130
\locallabelalphawidth=\skip131
\localshorthandwidth=\skip132
\localshortjournalwidth=\skip133
\localshortserieswidth=\skip134
\localshorttitlewidth=\skip135
\localshortauthorwidth=\skip136
\localshorteditorwidth=\skip137
Package biblatex Info: Trying to load enhanced support for Unicode engines...
Package biblatex Info: ... file 'blx-unicode.def' found.
 (c:/texlive/2025/texmf-dist/tex/latex/biblatex/blx-unicode.def)
Package biblatex Info: Trying to load compatibility code...
Package biblatex Info: ... file 'blx-compat.def' found.
 (c:/texlive/2025/texmf-dist/tex/latex/biblatex/blx-compat.def
File: blx-compat.def 2025/07/10 v3.21 biblatex compatibility (PK/MW)
)
Package biblatex Info: Trying to load generic definitions...
Package biblatex Info: ... file 'biblatex.def' found.
 (c:/texlive/2025/texmf-dist/tex/latex/biblatex/biblatex.def
File: biblatex.def 2025/07/10 v3.21 biblatex compatibility (PK/MW)
\c@textcitecount=\count489
\c@textcitetotal=\count490
\c@textcitemaxnames=\count491
\c@biburlbigbreakpenalty=\count492
\c@biburlbreakpenalty=\count493
\c@biburlnumpenalty=\count494
\c@biburlucpenalty=\count495
\c@biburllcpenalty=\count496
\biburlbigskip=\muskip19
\biburlnumskip=\muskip20
\biburlucskip=\muskip21
\biburllcskip=\muskip22
\c@smartand=\count497
)
Package biblatex Info: Trying to load bibliography style 'chicago-authordate'...
Package biblatex Info: ... file 'chicago-authordate.bbx' found.
 (c:/texlive/2025/texmf-dist/tex/latex/biblatex-chicago/chicago-authordate.bbx
File: chicago-authordate.bbx 2022/11/17 v 3.18b biblatex bibliography style
\lositemsep=\skip138
Package biblatex Info: Delimiter 'revsdnamedelim' in context '' already defined, overwriting.
\cms@tempcnta=\count498
\cms@tempcntb=\count499
\c@bbx:relatedcount=\count500
\c@bbx:relatedtotal=\count501
)
Package biblatex Info: Trying to load citation style 'chicago-authordate'...
Package biblatex Info: ... file 'chicago-authordate.cbx' found.
 (c:/texlive/2025/texmf-dist/tex/latex/biblatex-chicago/chicago-authordate.cbx
File: chicago-authordate.cbx 2022/07/02 v 3.18 biblatex citation style
Package biblatex Info: Trying to load citation style 'chicago-dates-common'...
Package biblatex Info: ... file 'chicago-dates-common.cbx' found.
 (c:/texlive/2025/texmf-dist/tex/latex/biblatex-chicago/chicago-dates-common.cbx
File: chicago-dates-common.cbx 2024/04/15 v 3.20 biblatex citation style
Package biblatex Info: Redefining '\cite'.
Package biblatex Info: Redefining '\parencite'.
Package biblatex Info: Redefining '\footcite'.
Package biblatex Info: Redefining '\footcitetext'.
Package biblatex Info: Redefining '\citetitle'.
Package biblatex Info: Redefining '\footfullcite'.
Package biblatex Info: Redefining '\fullcite'.
Package biblatex Info: Redefining '\textcite'.
Package biblatex Info: Redefining '\textcites'.
Package biblatex Info: Redefining '\cites'.
Package biblatex Info: Redefining '\parencites'.
Package biblatex Info: Redefining '\footcites'.
Package biblatex Info: Redefining '\footcitetexts'.
\c@cms@punct=\count502
Package biblatex Info: Delimiter 'dateeradelim' in context '' already defined, overwriting.
))
Package biblatex Info: Trying to load configuration file...
Package biblatex Info: ... file 'biblatex.cfg' found.
 (c:/texlive/2025/texmf-dist/tex/latex/biblatex/biblatex.cfg
File: biblatex.cfg 
)
Package biblatex Info: XeTeX detected.
(biblatex)             Assuming input encoding 'utf8'.
Package biblatex Info: Document encoding is UTF8 ....
Package biblatex Info: ... and expl3
(biblatex)             2025-11-14 L3 programming layer (loader) 
(biblatex)             is new enough (at least 2020/04/06),
(biblatex)             setting 'casechanger=expl3'.
 (c:/texlive/2025/texmf-dist/tex/latex/biblatex/blx-case-expl3.sty
Package: blx-case-expl3 2025/07/10 v3.21 expl3 case changing code for biblatex
)))
Package hyperref Info: Option `colorlinks' set `true' on input line 165.
Package csquotes Info: Checking for multilingual support...
Package csquotes Info: ... found 'babel' package.
Package csquotes Info: Adjusting default style.


Package csquotes Warning: No style for language 'indonesian'.
(csquotes)                Using fallback style on input line 206.

Package csquotes Info: Redefining alias 'default' -> 'fallback'.
(./ProposalTA.aux (c:/texlive/2025/texmf-dist/tex/generic/babel/locale/en/babel-english.tex)
Package babel Info: Importing data for english
(babel)             from babel-en.ini. Reported on input line 10.
)
\openout1 = `ProposalTA.aux'.

LaTeX Font Info:    Checking defaults for OML/cmm/m/it on input line 206.
LaTeX Font Info:    ... okay on input line 206.
LaTeX Font Info:    Checking defaults for OMS/cmsy/m/n on input line 206.
LaTeX Font Info:    ... okay on input line 206.
LaTeX Font Info:    Checking defaults for OT1/cmr/m/n on input line 206.
LaTeX Font Info:    ... okay on input line 206.
LaTeX Font Info:    Checking defaults for T1/cmr/m/n on input line 206.
LaTeX Font Info:    ... okay on input line 206.
LaTeX Font Info:    Checking defaults for TS1/cmr/m/n on input line 206.
LaTeX Font Info:    ... okay on input line 206.
LaTeX Font Info:    Checking defaults for TU/lmr/m/n on input line 206.
LaTeX Font Info:    ... okay on input line 206.
LaTeX Font Info:    Checking defaults for OMX/cmex/m/n on input line 206.
LaTeX Font Info:    ... okay on input line 206.
LaTeX Font Info:    Checking defaults for U/cmr/m/n on input line 206.
LaTeX Font Info:    ... okay on input line 206.
LaTeX Font Info:    Checking defaults for PD1/pdf/m/n on input line 206.
LaTeX Font Info:    ... okay on input line 206.
LaTeX Font Info:    Checking defaults for PU/pdf/m/n on input line 206.
LaTeX Font Info:    ... okay on input line 206.

Package fontspec Info: 
(fontspec)             Adjusting the maths setup (use [no-math] to avoid
(fontspec)             this).

\symlegacymaths=\mathgroup6
LaTeX Font Info:    Overwriting symbol font `legacymaths' in version `bold'
(Font)                  OT1/cmr/m/n --> OT1/cmr/bx/n on input line 206.
LaTeX Font Info:    Redeclaring math accent \acute on input line 206.
LaTeX Font Info:    Redeclaring math accent \grave on input line 206.
LaTeX Font Info:    Redeclaring math accent \ddot on input line 206.
LaTeX Font Info:    Redeclaring math accent \tilde on input line 206.
LaTeX Font Info:    Redeclaring math accent \bar on input line 206.
LaTeX Font Info:    Redeclaring math accent \breve on input line 206.
LaTeX Font Info:    Redeclaring math accent \check on input line 206.
LaTeX Font Info:    Redeclaring math accent \hat on input line 206.
LaTeX Font Info:    Redeclaring math accent \dot on input line 206.
LaTeX Font Info:    Redeclaring math accent \mathring on input line 206.
LaTeX Font Info:    Redeclaring math symbol \Gamma on input line 206.
LaTeX Font Info:    Redeclaring math symbol \Delta on input line 206.
LaTeX Font Info:    Redeclaring math symbol \Theta on input line 206.
LaTeX Font Info:    Redeclaring math symbol \Lambda on input line 206.
LaTeX Font Info:    Redeclaring math symbol \Xi on input line 206.
LaTeX Font Info:    Redeclaring math symbol \Pi on input line 206.
LaTeX Font Info:    Redeclaring math symbol \Sigma on input line 206.
LaTeX Font Info:    Redeclaring math symbol \Upsilon on input line 206.
LaTeX Font Info:    Redeclaring math symbol \Phi on input line 206.
LaTeX Font Info:    Redeclaring math symbol \Psi on input line 206.
LaTeX Font Info:    Redeclaring math symbol \Omega on input line 206.
LaTeX Font Info:    Redeclaring math symbol \mathdollar on input line 206.
LaTeX Font Info:    Redeclaring symbol font `operators' on input line 206.
LaTeX Font Info:    Encoding `OT1' has changed to `TU' for symbol font
(Font)              `operators' in the math version `normal' on input line 206.
LaTeX Font Info:    Overwriting symbol font `operators' in version `normal'
(Font)                  OT1/cmr/m/n --> TU/TimesNewRoman(0)/m/n on input line 206.
LaTeX Font Info:    Encoding `OT1' has changed to `TU' for symbol font
(Font)              `operators' in the math version `bold' on input line 206.
LaTeX Font Info:    Overwriting symbol font `operators' in version `bold'
(Font)                  OT1/cmr/bx/n --> TU/TimesNewRoman(0)/m/n on input line 206.
LaTeX Font Info:    Overwriting symbol font `operators' in version `normal'
(Font)                  TU/TimesNewRoman(0)/m/n --> TU/TimesNewRoman(0)/m/n on input line 206.
LaTeX Font Info:    Overwriting math alphabet `\mathit' in version `normal'
(Font)                  OT1/cmr/m/it --> TU/TimesNewRoman(0)/m/it on input line 206.
LaTeX Font Info:    Overwriting math alphabet `\mathbf' in version `normal'
(Font)                  OT1/cmr/bx/n --> TU/TimesNewRoman(0)/b/n on input line 206.
LaTeX Font Info:    Overwriting math alphabet `\mathsf' in version `normal'
(Font)                  OT1/cmss/m/n --> TU/lmss/m/n on input line 206.
LaTeX Font Info:    Overwriting math alphabet `\mathtt' in version `normal'
(Font)                  OT1/cmtt/m/n --> TU/lmtt/m/n on input line 206.
LaTeX Font Info:    Overwriting symbol font `operators' in version `bold'
(Font)                  TU/TimesNewRoman(0)/m/n --> TU/TimesNewRoman(0)/b/n on input line 206.
LaTeX Font Info:    Overwriting math alphabet `\mathit' in version `bold'
(Font)                  OT1/cmr/bx/it --> TU/TimesNewRoman(0)/b/it on input line 206.
LaTeX Font Info:    Overwriting math alphabet `\mathsf' in version `bold'
(Font)                  OT1/cmss/bx/n --> TU/lmss/b/n on input line 206.
LaTeX Font Info:    Overwriting math alphabet `\mathtt' in version `bold'
(Font)                  OT1/cmtt/m/n --> TU/lmtt/b/n on input line 206.

*geometry* driver: auto-detecting
*geometry* detected driver: xetex
*geometry* verbose mode - [ preamble ] result:
* driver: xetex
* paper: a4paper
* layout: <same size as paper>
* layoutoffset:(h,v)=(0.0pt,0.0pt)
* modes: 
* h-part:(L,W,R)=(113.81102pt, 398.3386pt, 85.35826pt)
* v-part:(T,H,B)=(85.35826pt, 674.33032pt, 85.35826pt)
* \paperwidth=597.50787pt
* \paperheight=845.04684pt
* \textwidth=398.3386pt
* \textheight=674.33032pt
* \oddsidemargin=41.54103pt
* \evensidemargin=41.54103pt
* \topmargin=-18.78552pt
* \headheight=12.0pt
* \headsep=19.8738pt
* \topskip=12.0pt
* \footskip=30.0pt
* \marginparwidth=38.0pt
* \marginparsep=7.0pt
* \columnsep=10.0pt
* \skip\footins=10.8pt plus 4.0pt minus 2.0pt
* \hoffset=0.0pt
* \voffset=0.0pt
* \mag=1000
* \@twocolumnfalse
* \@twosidefalse
* \@mparswitchfalse
* \@reversemarginfalse
* (1in=72.27pt=25.4mm, 1cm=28.453pt)

Package caption Info: Begin \AtBeginDocument code.
Package caption Info: float package is loaded.
Package caption Info: floatrow package is loaded.
Package caption Info: floatrow package is loaded.
Package caption Info: hyperref package is loaded.
Package caption Info: listings package is loaded.
Package caption Info: longtable package is loaded.
(c:/texlive/2025/texmf-dist/tex/latex/caption/ltcaption.sty
Package: ltcaption 2021/01/08 v1.4c longtable captions (AR)
)
Package caption Info: Fixing longtable code of `floatrow' package.
Package caption Info: End \AtBeginDocument code.
Package hyperref Info: Link coloring ON on input line 206.
 (./ProposalTA.out) (./ProposalTA.out)
\@outlinefile=\write4
\openout4 = `ProposalTA.out'.

 (c:/texlive/2025/texmf-dist/tex/latex/floatrow/fr-longtable.sty
Package: fr-longtable 2007/11/28 v0.1b (beta) floatrow: additions for longtable
\flrow@LT@lasthead=\box70
\flrow@LT@prelastfoot=\box71
\c@FBLTpage=\count503
)
\c@lstlisting=\count504
Package biblatex Info: Trying to load language 'indonesian'...
Package biblatex Info: ... file 'indonesian.lbx' not found.


Package biblatex Warning: Language 'indonesian' not supported.
(biblatex)                Using dummy definitions on input line 206.

Package biblatex Info: Trying to load language 'english'...
Package biblatex Info: ... file 'english.lbx' found.
(c:/texlive/2025/texmf-dist/tex/latex/biblatex/lbx/english.lbx
File: english.lbx 2025/07/10 v3.21 biblatex localization (PK/MW)
)
Package biblatex Info: XeTeX detected.
(biblatex)             Assuming input encoding 'utf8'.
Package biblatex Info: Automatic encoding selection.
(biblatex)             Assuming data encoding 'utf8'.
\openout3 = `ProposalTA.bcf'.

Package biblatex Info: Trying to load bibliographic data...
Package biblatex Info: ... file 'ProposalTA.bbl' found.
 (./ProposalTA.bbl)
Package biblatex Info: Reference section=0 on input line 206.
Package biblatex Info: Reference segment=0 on input line 206.
File: image/ganesha.jpg Graphic file (type bmp)
<image/ganesha.jpg>


Package datetime2 Warning: Region `bahasai' has ignored 
(datetime2)                the following settings:
(datetime2)                showmonthname=true
 on input line 248.

[1


]
LaTeX Font Info:    Trying to load font information for U+msa on input line 293.
 (c:/texlive/2025/texmf-dist/tex/latex/amsfonts/umsa.fd
File: umsa.fd 2013/01/14 v3.01 AMS symbols A
)
LaTeX Font Info:    Trying to load font information for U+msb on input line 293.
 (c:/texlive/2025/texmf-dist/tex/latex/amsfonts/umsb.fd
File: umsb.fd 2013/01/14 v3.01 AMS symbols B
)
Overfull \hbox (23.99997pt too wide) in paragraph at lines 293--299
 [][] 
 []

[1] (./ProposalTA.toc [2

])
\tf@toc=\write5
\openout5 = `ProposalTA.toc'.

 [3] (./ProposalTA.lof
Overfull \hbox (3.56656pt too wide) in paragraph at lines 136--136
 [][] [][][]\TU/TimesNewRoman(0)/m/n/12 Diagram Aktivitas Proses Audit Energi Saat Ini ([][]Hamdani dan Thahir 
 []

)
\tf@lof=\write6
\openout6 = `ProposalTA.lof'.

 [4] (./ProposalTA.lot)
\tf@lot=\write7
\openout7 = `ProposalTA.lot'.

 [5] (./Bab I - Pendahuluan.tex
Bab I.
[1


] [2]
Overfull \hbox (3.51883pt too wide) in paragraph at lines 42--43
[]\TU/TimesNewRoman(0)/m/n/12 Merancang dan mengembangkan sebuah perangkat lunak penilaian yang mam-
 []

[3]
File: image/waterfall.png Graphic file (type bmp)
<image/waterfall.png>


Package biblatex-chicago Warning: Empty Ibidem citation on input line 64.


Package biblatex-chicago Warning: Empty Ibidem citation on input line 64.

[4]) (./Bab II - Studi-Literatur.tex [5]
Bab II.

Package biblatex-chicago Warning: Empty Ibidem citation on input line 10.

[6

] [7] [8] [9]

Package biblatex-chicago Warning: Empty Ibidem citation on input line 39.


Package biblatex-chicago Warning: Empty Ibidem citation on input line 41.

[10] [11] [12] (./table/tabelpenelitianterdahulu.tex
\LebarBersih=\skip139
\KolomDeskripsi=\skip140
\KolomIsi=\skip141
\LebarTabel=\skip142

Underfull \hbox (badness 1286) in paragraph at lines 70--70
[]|\TU/TimesNewRoman(0)/m/n/12 Melakukan audit energi
 []


Underfull \hbox (badness 5592) in paragraph at lines 70--70
\TU/TimesNewRoman(0)/m/n/12 gedung dengan pengu-
 []


Underfull \hbox (badness 7814) in paragraph at lines 70--70
\TU/TimesNewRoman(0)/m/n/12 kuran parameter kelis-
 []


Underfull \hbox (badness 6691) in paragraph at lines 70--70
\TU/TimesNewRoman(0)/m/it/12 wer meter \TU/TimesNewRoman(0)/m/n/12 dan sistem
 []


Underfull \hbox (badness 5592) in paragraph at lines 70--70
[]|\TU/TimesNewRoman(0)/m/n/12 Menghasilkan data pe-
 []


Underfull \hbox (badness 10000) in paragraph at lines 70--70
\TU/TimesNewRoman(0)/m/n/12 ngukuran yang akurat
 []


Underfull \hbox (badness 1286) in paragraph at lines 70--70
\TU/TimesNewRoman(0)/m/n/12 kasi pemborosan energi
 []


Underfull \hbox (badness 1803) in paragraph at lines 70--70
[]|\TU/TimesNewRoman(0)/m/n/12 Proses audit dan anali-
 []


Underfull \hbox (badness 10000) in paragraph at lines 76--76
[]|\TU/TimesNewRoman(0)/m/n/12 Menganalisis konsumsi
 []


Underfull \hbox (badness 10000) in paragraph at lines 76--76
\TU/TimesNewRoman(0)/m/n/12 energi gedung dengan
 []


Underfull \hbox (badness 3323) in paragraph at lines 76--76
\TU/TimesNewRoman(0)/m/n/12 fokus pada sistem tata
 []


Underfull \hbox (badness 2556) in paragraph at lines 76--76
\TU/TimesNewRoman(0)/m/n/12 udara dan pencahayaan
 []


Underfull \hbox (badness 10000) in paragraph at lines 76--76
\TU/TimesNewRoman(0)/m/n/12 dan pola penggunaan
 []


Underfull \hbox (badness 10000) in paragraph at lines 76--76
[]|\TU/TimesNewRoman(0)/m/n/12 Memberikan gambaran
 []


Underfull \hbox (badness 10000) in paragraph at lines 82--82
[]|\TU/TimesNewRoman(0)/m/n/12 Mengembangkan per-
 []


Underfull \hbox (badness 10000) in paragraph at lines 82--82
\TU/TimesNewRoman(0)/m/n/12 angkat lunak berbasis
 []


Underfull \hbox (badness 3148) in paragraph at lines 82--82
\TU/TimesNewRoman(0)/m/n/12 antarmuka grafis untuk
 []


Underfull \hbox (badness 10000) in paragraph at lines 82--82
\TU/TimesNewRoman(0)/m/n/12 menghitung nilai IKE
 []


Underfull \hbox (badness 10000) in paragraph at lines 82--82
[]|\TU/TimesNewRoman(0)/m/n/12 Otomasi perhitungan
 []


Underfull \hbox (badness 10000) in paragraph at lines 82--82
\TU/TimesNewRoman(0)/m/n/12 IKE mengurangi ke-
 []


Underfull \hbox (badness 10000) in paragraph at lines 82--82
\TU/TimesNewRoman(0)/m/n/12 salahan manual dan
 []


Underfull \hbox (badness 10000) in paragraph at lines 82--82
\TU/TimesNewRoman(0)/m/n/12 mempercepat proses
 []


Underfull \hbox (badness 10000) in paragraph at lines 82--82
\TU/TimesNewRoman(0)/m/n/12 pada perhitungan IKE
 []


Underfull \hbox (badness 4660) in paragraph at lines 82--82
\TU/TimesNewRoman(0)/m/n/12 dan belum mendukung
 []


Underfull \hbox (badness 10000) in paragraph at lines 88--88
[]|\TU/TimesNewRoman(0)/m/n/12 Menghitung IKE dan
 []


Underfull \hbox (badness 10000) in paragraph at lines 88--88
\TU/TimesNewRoman(0)/m/n/12 menggabungkannya
 []


Underfull \hbox (badness 10000) in paragraph at lines 88--88
\TU/TimesNewRoman(0)/m/n/12 dengan metode pe-
 []


Underfull \hbox (badness 10000) in paragraph at lines 88--88
\TU/TimesNewRoman(0)/m/n/12 ngambilan keputusan
 []


Underfull \hbox (badness 10000) in paragraph at lines 88--88
\TU/TimesNewRoman(0)/m/n/12 multikriteria untuk
 []


Underfull \hbox (badness 10000) in paragraph at lines 88--88
\TU/TimesNewRoman(0)/m/n/12 menentukan prioritas
 []


Underfull \hbox (badness 10000) in paragraph at lines 88--88
[]|\TU/TimesNewRoman(0)/m/n/12 Menyediakan pende-
 []


Underfull \hbox (badness 3158) in paragraph at lines 88--88
\TU/TimesNewRoman(0)/m/n/12 katan terstruktur dalam
 []


Underfull \hbox (badness 5105) in paragraph at lines 88--88
\TU/TimesNewRoman(0)/m/n/12 kat lunak audit energi
 []


Underfull \hbox (badness 5578) in paragraph at lines 94--94
[]|\TU/TimesNewRoman(0)/m/n/12 Mengkaji peran sistem
 []


Underfull \hbox (badness 10000) in paragraph at lines 94--94
\TU/TimesNewRoman(0)/m/n/12 pendukung audit dan
 []


Underfull \hbox (badness 10000) in paragraph at lines 94--94
\TU/TimesNewRoman(0)/m/n/12 tingkat restriktivitas
 []


Underfull \hbox (badness 10000) in paragraph at lines 94--94
\TU/TimesNewRoman(0)/m/n/12 sistem dalam mempe-
 []


Underfull \hbox (badness 10000) in paragraph at lines 94--94
\TU/TimesNewRoman(0)/m/n/12 ngaruhi kualitas dan
 []


Underfull \hbox (badness 10000) in paragraph at lines 94--94
[]|\TU/TimesNewRoman(0)/m/n/12 Memberikan kerangka
 []


Underfull \hbox (badness 10000) in paragraph at lines 94--94
\TU/TimesNewRoman(0)/m/n/12 konseptual desain sis-
 []


Underfull \hbox (badness 10000) in paragraph at lines 94--94
\TU/TimesNewRoman(0)/m/n/12 tem audit berbantuan
 []

[13]
./table/tabelpenelitianterdahulu.tex:96: ignored error: Infinite glue shrinkage found in box being split [14])) (./Bab III - Analisis-Masalah.tex [15]
Bab III.
[16

]
File: image/as-is.png Graphic file (type bmp)
<image/as-is.png>
 [17] [18] (./table/tabelproblem.tex
Overfull \hbox (3.08864pt too wide) in paragraph at lines 45--45
[]|\TU/TimesNewRoman(0)/m/n/12 Penginputan 
 []


Overfull \hbox (1.08473pt too wide) in paragraph at lines 45--45
[]|\TU/TimesNewRoman(0)/m/n/12 Perhitungan 
 []

./table/tabelproblem.tex:45: ignored error: Infinite glue shrinkage found in box being split [19]) [20] (./table/tabelfr.tex
Overfull \hbox (1.11989pt too wide) in paragraph at lines 72--72
[]|\TU/TimesNewRoman(0)/b/n/12 Kebutuhan|  
 []


Overfull \hbox (1.11989pt too wide) in paragraph at lines 72--72
[]|\TU/TimesNewRoman(0)/b/n/12 Kebutuhan|  
 []


Overfull \hbox (1.08473pt too wide) in paragraph at lines 72--72
[]|\TU/TimesNewRoman(0)/m/n/12 Normalisasi 
 []


Overfull \hbox (8.41481pt too wide) in paragraph at lines 72--72
[]|\TU/TimesNewRoman(0)/m/n/12 Penyimpanan 
 []


Underfull \hbox (badness 1184) in paragraph at lines 72--72
[]|\TU/TimesNewRoman(0)/m/n/12 Sistem menyimpan semua data hasil in-
 []


Overfull \hbox (1.08473pt too wide) in paragraph at lines 72--72
[]|\TU/TimesNewRoman(0)/m/n/12 Perhitungan 
 []

./table/tabelfr.tex:72: ignored error: Infinite glue shrinkage found in box being split [21]) (./table/tabelnr.tex
Overfull \hbox (5.74294pt too wide) in paragraph at lines 41--41
[]|\TU/TimesNewRoman(0)/m/it/12 Performance|  
 []

./table/tabelnr.tex:41: ignored error: Infinite glue shrinkage found in box being split [22]) [23] (./table/tabelaltsolusi.tex
Underfull \hbox (badness 5475) in paragraph at lines 37--37
\TU/TimesNewRoman(0)/m/n/12 ronisasi saat koneksi
 []


Overfull \hbox (2.18648pt too wide) in paragraph at lines 37--37
[]|\TU/TimesNewRoman(0)/m/n/12 Meminimalkan
 []


Underfull \hbox (badness 10000) in paragraph at lines 37--37
\TU/TimesNewRoman(0)/m/n/12 kehilangan
 []


Underfull \hbox (badness 10000) in paragraph at lines 37--37
[]|\TU/TimesNewRoman(0)/m/n/12 Membutuhkan
 []


Underfull \hbox (badness 10000) in paragraph at lines 37--37
\TU/TimesNewRoman(0)/m/n/12 logika sink-
 []


Underfull \hbox (badness 10000) in paragraph at lines 37--37
\TU/TimesNewRoman(0)/m/n/12 ronisasi dan
 []


Underfull \hbox (badness 10000) in paragraph at lines 37--37
\TU/TimesNewRoman(0)/m/n/12 resolusi kon-
 []


Underfull \hbox (badness 10000) in paragraph at lines 37--37
[]|\TU/TimesNewRoman(0)/m/n/12 Mesin perhitungan
 []


Underfull \hbox (badness 10000) in paragraph at lines 37--37
\TU/TimesNewRoman(0)/m/n/12 yang menyimpan
 []


Underfull \hbox (badness 5817) in paragraph at lines 37--37
\TU/TimesNewRoman(0)/m/n/12 jejak aturan, sumber
 []


Underfull \hbox (badness 10000) in paragraph at lines 37--37
\TU/TimesNewRoman(0)/m/n/12 data, dan transfor-
 []


Underfull \hbox (badness 5490) in paragraph at lines 37--37
\TU/TimesNewRoman(0)/m/n/12 masi sehingga setiap
 []


Underfull \hbox (badness 4582) in paragraph at lines 37--37
\TU/TimesNewRoman(0)/m/n/12 hasil dapat ditelusuri
 []


Underfull \hbox (badness 10000) in paragraph at lines 37--37
[]|\TU/TimesNewRoman(0)/m/n/12 Meningkatkan
 []


Underfull \hbox (badness 10000) in paragraph at lines 37--37
\TU/TimesNewRoman(0)/m/n/12 transparansi
 []


Underfull \hbox (badness 10000) in paragraph at lines 37--37
\TU/TimesNewRoman(0)/m/n/12 dan akunta-
 []


Underfull \hbox (badness 10000) in paragraph at lines 37--37
\TU/TimesNewRoman(0)/m/n/12 bilitas hasil
 []


Underfull \hbox (badness 10000) in paragraph at lines 37--37
[]|\TU/TimesNewRoman(0)/m/n/12 Membutuhkan
 []


Underfull \hbox (badness 10000) in paragraph at lines 37--37
\TU/TimesNewRoman(0)/m/n/12 rancangan
 []


Underfull \hbox (badness 10000) in paragraph at lines 37--37
\TU/TimesNewRoman(0)/m/n/12 metadata dan
 []


Underfull \hbox (badness 10000) in paragraph at lines 37--37
\TU/TimesNewRoman(0)/m/n/12 penyimpanan
 []


Underfull \hbox (badness 10000) in paragraph at lines 37--37
\TU/TimesNewRoman(0)/m/n/12 data yang
 []


Underfull \hbox (badness 10000) in paragraph at lines 37--37
[]|\TU/TimesNewRoman(0)/m/n/12 Memberikan
 []


Underfull \hbox (badness 10000) in paragraph at lines 37--37
\TU/TimesNewRoman(0)/m/n/12 fleksibilitas
 []


Underfull \hbox (badness 10000) in paragraph at lines 37--37
\TU/TimesNewRoman(0)/m/n/12 tinggi bagi
 []


Underfull \hbox (badness 10000) in paragraph at lines 37--37
\TU/TimesNewRoman(0)/m/n/12 auditor dan
 []


Underfull \hbox (badness 10000) in paragraph at lines 37--37
\TU/TimesNewRoman(0)/m/n/12 memudahkan
 []


Underfull \hbox (badness 10000) in paragraph at lines 37--37
\TU/TimesNewRoman(0)/m/n/12 pembaruan
 []


Underfull \hbox (badness 10000) in paragraph at lines 37--37
[]|\TU/TimesNewRoman(0)/m/n/12 Membutuhkan
 []


Underfull \hbox (badness 1014) in paragraph at lines 37--37
\TU/TimesNewRoman(0)/m/n/12 ta kelola agar
 []


Underfull \hbox (badness 10000) in paragraph at lines 37--37
\TU/TimesNewRoman(0)/m/n/12 perubahan
 []


Underfull \hbox (badness 10000) in paragraph at lines 37--37
\TU/TimesNewRoman(0)/m/n/12 aturan tidak
 []


Underfull \hbox (badness 10000) in paragraph at lines 37--37
\TU/TimesNewRoman(0)/m/n/12 memengaruhi
 []


Underfull \hbox (badness 10000) in paragraph at lines 37--37
\TU/TimesNewRoman(0)/m/n/12 konsistensi
 []

) [24] (./table/tabeldeskripsiparameteras.tex
Underfull \hbox (badness 1371) in paragraph at lines 49--49
[]|\TU/TimesNewRoman(0)/m/n/12 Menilai keterlaksanaan teknis solusi berda-
 []


Overfull \hbox (4.64723pt too wide) in paragraph at lines 49--49
[]|\TU/TimesNewRoman(0)/m/n/12 Transparansi 
 []


Underfull \hbox (badness 1184) in paragraph at lines 49--49
\TU/TimesNewRoman(0)/m/n/12 ternational Organization for Standardization
 []


Overfull \hbox (1.07301pt too wide) in paragraph at lines 49--49
[]|\TU/TimesNewRoman(0)/m/n/12 Kemudahan 
 []

./table/tabeldeskripsiparameteras.tex:49: ignored error: Infinite glue shrinkage found in box being split [25]) (./table/tabelpenentuansolusi.tex [26])) (./Bab IV - Desain-Konsep-Solusi.tex [27]
Bab IV.
File: image/to-be.png Graphic file (type bmp)
<image/to-be.png>
[28

] [29] (./table/tabelperbandinganasisdantobe.tex
Underfull \hbox (badness 1590) in paragraph at lines 61--61
[]|\TU/TimesNewRoman(0)/m/n/12 Data diperoleh dari tagihan
 []


Underfull \hbox (badness 3930) in paragraph at lines 61--61
\TU/TimesNewRoman(0)/m/n/12 nitoring permanen dan be-
 []


Underfull \hbox (badness 1087) in paragraph at lines 61--61
\TU/TimesNewRoman(0)/m/n/12 lum adanya aplikasi pendu-
 []


Underfull \hbox (badness 1163) in paragraph at lines 61--61
\TU/TimesNewRoman(0)/m/n/12 pulan data bergantung pada
 []


Underfull \hbox (badness 10000) in paragraph at lines 61--61
[]|\TU/TimesNewRoman(0)/m/n/12 Data dikumpulkan mela-
 []


Underfull \hbox (badness 10000) in paragraph at lines 61--61
\TU/TimesNewRoman(0)/m/n/12 lui aplikasi berbasis web
 []


Underfull \hbox (badness 10000) in paragraph at lines 61--61
\TU/TimesNewRoman(0)/m/n/12 dengan dukungan operasi
 []


Underfull \hbox (badness 10000) in paragraph at lines 61--61
\TU/TimesNewRoman(0)/m/n/12 luring, sehingga auditor
 []


Underfull \hbox (badness 5161) in paragraph at lines 61--61
\TU/TimesNewRoman(0)/m/n/12 konsisten tanpa bergantung
 []


Underfull \hbox (badness 10000) in paragraph at lines 61--61
\TU/TimesNewRoman(0)/m/n/12 pada ketersediaan koneksi
 []


Underfull \hbox (badness 4036) in paragraph at lines 61--61
[]|\TU/TimesNewRoman(0)/m/n/12 Penginputan dilakukan me-
 []


Underfull \hbox (badness 10000) in paragraph at lines 61--61
\TU/TimesNewRoman(0)/m/n/12 lalui formulir terstruktur
 []


Underfull \hbox (badness 2213) in paragraph at lines 61--61
\TU/TimesNewRoman(0)/m/n/12 dan mekanisme impor data
 []


Underfull \hbox (badness 1975) in paragraph at lines 61--61
[]|\TU/TimesNewRoman(0)/m/n/12 Proses audit sering bergan-
 []


Underfull \hbox (badness 2582) in paragraph at lines 61--61
\TU/TimesNewRoman(0)/m/n/12 tung pada ketersediaan ko-
 []


Underfull \hbox (badness 3302) in paragraph at lines 61--61
\TU/TimesNewRoman(0)/m/n/12 menghambat aktivitas audit
 []


Underfull \hbox (badness 1655) in paragraph at lines 61--61
\TU/TimesNewRoman(0)/m/n/12 gunakan pendekatan aplika-
 []


Underfull \hbox (badness 1048) in paragraph at lines 61--61
\TU/TimesNewRoman(0)/m/n/12 si web luring, sehingga se-
 []


Underfull \hbox (badness 1320) in paragraph at lines 61--61
\TU/TimesNewRoman(0)/m/n/12 dan penginputan data dapat
 []


Underfull \hbox (badness 1242) in paragraph at lines 61--61
\TU/TimesNewRoman(0)/m/n/12 disinkronkan ketika koneksi
 []


Underfull \hbox (badness 8038) in paragraph at lines 61--61
[]|\TU/TimesNewRoman(0)/m/n/12 Perhitungan indikator dila-
 []


Underfull \hbox (badness 3930) in paragraph at lines 61--61
\TU/TimesNewRoman(0)/m/n/12 kukan secara otomatis dan
 []


Underfull \hbox (badness 10000) in paragraph at lines 61--61
[]|\TU/TimesNewRoman(0)/m/n/12 Laporan dihasilkan secara
 []


Underfull \hbox (badness 1082) in paragraph at lines 61--61
\TU/TimesNewRoman(0)/m/n/12 otomatis oleh sistem berda-
 []


Underfull \hbox (badness 2119) in paragraph at lines 61--61
\TU/TimesNewRoman(0)/m/n/12 hingga mempercepat proses
 []


Underfull \hbox (badness 10000) in paragraph at lines 61--61
\TU/TimesNewRoman(0)/m/n/12 pelaporan dan mengurangi
 []


Underfull \hbox (badness 1577) in paragraph at lines 61--61
[]|\TU/TimesNewRoman(0)/m/n/12 Hasil audit disajikan dalam
 []


Underfull \hbox (badness 2980) in paragraph at lines 61--61
\TU/TimesNewRoman(0)/m/n/12 sumsi dan identifikasi area
 []


Underfull \hbox (badness 2261) in paragraph at lines 61--61
[]|\TU/TimesNewRoman(0)/m/n/12 Data dan laporan audit di-
 []


Underfull \hbox (badness 2529) in paragraph at lines 61--61
[]|\TU/TimesNewRoman(0)/m/n/12 Seluruh data dan hasil au-
 []

./table/tabelperbandinganasisdantobe.tex:61: ignored error: Infinite glue shrinkage found in box being split [30]
./table/tabelperbandinganasisdantobe.tex:61: ignored error: Infinite glue shrinkage found in box being split [31]) [32] (./table/tabelaktor.tex)
File: image/usecase.png Graphic file (type bmp)
<image/usecase.png>
 [33] (./table/tabeluc.tex
Overfull \hbox (6.2289pt too wide) in paragraph at lines 61--61
[]|\TU/TimesNewRoman(0)/b/n/12 Fungsi|  
 []


Overfull \hbox (2.20937pt too wide) in paragraph at lines 61--61
[]|\TU/TimesNewRoman(0)/b/n/12 Aktor|  
 []


Overfull \hbox (6.2289pt too wide) in paragraph at lines 61--61
[]|\TU/TimesNewRoman(0)/b/n/12 Fungsi|  
 []


Overfull \hbox (2.20937pt too wide) in paragraph at lines 61--61
[]|\TU/TimesNewRoman(0)/b/n/12 Aktor|  
 []


Underfull \hbox (badness 1127) in paragraph at lines 61--61
[]|\TU/TimesNewRoman(0)/m/n/12 Membuat dan mengelola proyek audit
 []


Overfull \hbox (1.22499pt too wide) in paragraph at lines 61--61
[]|\TU/TimesNewRoman(0)/m/n/12 FR01, 
 []


Overfull \hbox (5.7488pt too wide) in paragraph at lines 61--61
[]|\TU/TimesNewRoman(0)/m/n/12 Memvalidasi 
 []


Overfull \hbox (5.08669pt too wide) in paragraph at lines 61--61
[]|\TU/TimesNewRoman(0)/m/n/12 Mensinkron- 
 []


Overfull \hbox (1.75856pt too wide) in paragraph at lines 61--61
[]|\TU/TimesNewRoman(0)/m/n/12 Menghitung 
 []


Overfull \hbox (1.22499pt too wide) in paragraph at lines 61--61
[]|\TU/TimesNewRoman(0)/m/n/12 FR05, 
 []


Overfull \hbox (1.22499pt too wide) in paragraph at lines 61--61
[]|\TU/TimesNewRoman(0)/m/n/12 FR07, 
 []

./table/tabeluc.tex:61: ignored error: Infinite glue shrinkage found in box being split [34]) [35]
File: image/er.png Graphic file (type bmp)
<image/er.png>
 [36] (./table/tabelentitas.tex
Overfull \hbox (6.2289pt too wide) in paragraph at lines 84--84
[]|\TU/TimesNewRoman(0)/b/n/12 Fungsi|  
 []


Overfull \hbox (6.2289pt too wide) in paragraph at lines 84--84
[]|\TU/TimesNewRoman(0)/b/n/12 Fungsi|  
 []


Overfull \hbox (4.42458pt too wide) in paragraph at lines 84--84
[]|\TU/TimesNewRoman(0)/m/n/12 ProyekAudit|  
 []


Underfull \hbox (badness 1635) in paragraph at lines 84--84
[]|\TU/TimesNewRoman(0)/m/n/12 Menyimpan informasi mengenai gedung yang
 []


Overfull \hbox (1.22499pt too wide) in paragraph at lines 84--84
[]|\TU/TimesNewRoman(0)/m/n/12 FR01, 
 []


Underfull \hbox (badness 1286) in paragraph at lines 84--84
[]|\TU/TimesNewRoman(0)/m/n/12 Menyimpan hasil penilaian atau scoring audit
 []


Underfull \hbox (badness 1642) in paragraph at lines 84--84
[]|\TU/TimesNewRoman(0)/m/n/12 Menyimpan informasi mengenai standar audit
 []

./table/tabelentitas.tex:84: ignored error: Infinite glue shrinkage found in box being split [37])) (./Bab V - Rencana-Selanjutnya.tex [38] [39]
Bab V.
[40

] (./table/tabeltools.tex
Underfull \hbox (badness 10000) in paragraph at lines 50--50
[]|\TU/TimesNewRoman(0)/m/n/12 Digunakan untuk membangun antarmuka
 []


Underfull \hbox (badness 3646) in paragraph at lines 50--50
\TU/TimesNewRoman(0)/m/n/12 pengguna, termasuk form input data dan
 []

./table/tabeltools.tex:50: ignored error: Infinite glue shrinkage found in box being split [41]) (./table/tabeltimeline.tex
\PanjangKolom=\skip143

Overfull \hbox (0.8752pt too wide) in paragraph at lines 63--63
 []|\TU/TimesNewRoman(0)/b/n/8 Mar| 
 []


Overfull \hbox (0.8752pt too wide) in paragraph at lines 63--63
 []|\TU/TimesNewRoman(0)/b/n/8 Mar| 
 []

./table/tabeltimeline.tex:63: ignored error: Infinite glue shrinkage found in box being split [42]) (./table/tabelrisks.tex
Underfull \hbox (badness 6125) in paragraph at lines 38--38
[]|\TU/TimesNewRoman(0)/m/n/12 Analisis dan evaluasi
 []


Underfull \hbox (badness 6141) in paragraph at lines 38--38
\TU/TimesNewRoman(0)/m/n/12 tatif terhadap kondisi
 []


Underfull \hbox (badness 10000) in paragraph at lines 38--38
[]|\TU/TimesNewRoman(0)/m/n/12 Desain sistem perlu
 []


Underfull \hbox (badness 10000) in paragraph at lines 38--38
\TU/TimesNewRoman(0)/m/n/12 penyesuaian ulang
 []


Underfull \hbox (badness 6961) in paragraph at lines 38--38
\TU/TimesNewRoman(0)/m/n/12 sehingga menghambat
 []


Underfull \hbox (badness 10000) in paragraph at lines 38--38
[]|\TU/TimesNewRoman(0)/m/n/12 Membatasi ruang
 []


Underfull \hbox (badness 10000) in paragraph at lines 38--38
\TU/TimesNewRoman(0)/m/n/12 lingkup kebutuhan
 []


Underfull \hbox (badness 10000) in paragraph at lines 38--38
\TU/TimesNewRoman(0)/m/n/12 dan memprioritaskan
 []


Underfull \hbox (badness 7221) in paragraph at lines 38--38
\TU/TimesNewRoman(0)/m/n/12 kebutuhan inti sesuai
 []


Underfull \hbox (badness 3343) in paragraph at lines 38--38
\TU/TimesNewRoman(0)/m/n/12 pat diimplementasikan
 []


Underfull \hbox (badness 1152) in paragraph at lines 38--38
\TU/TimesNewRoman(0)/m/n/12 da fungsi utama audit
 []


Underfull \hbox (badness 3525) in paragraph at lines 38--38
[]|\TU/TimesNewRoman(0)/m/n/12 Implementasi dan pe-
 []


Underfull \hbox (badness 2150) in paragraph at lines 38--38
\TU/TimesNewRoman(0)/m/n/12 kuskan pengembangan
 []

[43])) [44] [45


]
Overfull \hbox (2.5525pt too wide) in paragraph at lines 408--408
[][]\TU/TimesNewRoman(0)/m/n/12 Luciano, Luís, dan Paulo Carreira. 2011. “  Integrating Energy Data with ETL”. Dalam
 []


Package caption Warning: Unused \captionsetup[lstlisting] on input line 388.
See the caption package documentation for explanation.

[46] (./ProposalTA.aux)
 ***********
LaTeX2e <2025-11-01>
L3 programming layer <2025-11-14>
 ***********
Package rerunfilecheck Info: File `ProposalTA.out' has not changed.
(rerunfilecheck)             Checksum: 0BFC198DA46A48D821874CBE0D2A6891;7776.
Package logreq Info: Writing requests to 'ProposalTA.run.xml'.
\openout1 = `ProposalTA.run.xml'.

 ) 
Here is how much of TeX's memory you used:
 32355 strings out of 468179
 635814 string characters out of 5436883
 2023663 words of memory out of 5000000
 60646 multiletter control sequences out of 15000+600000
 632918 words of font info for 83 fonts, out of 8000000 for 9000
 1348 hyphenation exceptions out of 8191
 73i,15n,93p,1507b,8204s stack positions out of 10000i,1000n,20000p,200000b,200000s

Output written on ProposalTA.pdf (52 pages).
